<?xml version="1.0" encoding="UTF-8"?>
<!-- Generated by org.testng.reporters.JUnitReportReporter -->
<testsuite skipped="0" hostname="LAPTOP-K2NKL99C" name="testScripts.ContactTest" tests="2" failures="0" timestamp="2021-06-21T12:10:59 IST" time="9.316" errors="0">
  <testcase name="validateuser" time="8.989" classname="testScripts.ContactTest"/>
  <system-out/>
  <testcase name="createNewcontact" time="0.327" classname="testScripts.ContactTest"/>
  <system-out/>
</testsuite> <!-- testScripts.ContactTest -->
